nohup: ignoring input
2025-06-20 08:27:17,065 - database.DatabaseManager - INFO - База данных успешно инициализирована
2025-06-20 08:27:17,069 - __main__ - INFO - База данных инициализирована
2025-06-20 08:27:17,070 - __main__ - INFO - 🚀 Бот запущен
2025-06-20 08:27:17,070 - aiogram.dispatcher - INFO - Start polling
2025-06-20 08:27:17,070 - autopost_manager - INFO - 🚀 Запуск цикла автопостинга
2025-06-20 08:27:17,110 - autopost_manager - INFO - 📊 Найдено 0 активных групп для автопостинга
2025-06-20 08:27:17,110 - autopost_manager - INFO - 💤 Нет активных групп, ожидание...
2025-06-20 08:27:17,148 - aiogram.dispatcher - INFO - Run polling for bot @rewriter_ii_bot id=8094964715 - 'rewriter'
2025-06-20 08:27:47,682 - aiogram.event - INFO - Update id=766373857 is handled. Duration 102 ms by bot id=8094964715
2025-06-20 08:27:49,658 - aiogram.event - INFO - Update id=766373858 is handled. Duration 52 ms by bot id=8094964715
2025-06-20 08:27:58,142 - aiogram.event - INFO - Update id=766373859 is handled. Duration 152 ms by bot id=8094964715
2025-06-20 08:28:01,859 - aiogram.event - INFO - Update id=766373860 is handled. Duration 31 ms by bot id=8094964715
2025-06-20 08:28:03,314 - aiogram.event - INFO - Update id=766373861 is handled. Duration 30 ms by bot id=8094964715
2025-06-20 08:28:14,232 - aiogram.event - INFO - Update id=766373862 is handled. Duration 49 ms by bot id=8094964715
2025-06-20 08:28:17,129 - autopost_manager - INFO - 📊 Найдено 0 активных групп для автопостинга
2025-06-20 08:28:17,129 - autopost_manager - INFO - 💤 Нет активных групп, ожидание...
2025-06-20 08:28:44,421 - aiogram.event - INFO - Update id=766373863 is handled. Duration 42 ms by bot id=8094964715
2025-06-20 08:28:46,037 - aiogram.event - INFO - Update id=766373864 is not handled. Duration 12 ms by bot id=8094964715
2025-06-20 08:28:46,037 - aiogram.event - ERROR - Cause exception while process update id=766373864 by bot id=8094964715
NameError: name 'sources' is not defined
Traceback (most recent call last):
  File "/root/04_AI_rewriter/full_ii_rewriter/venv/lib/python3.12/site-packages/aiogram/dispatcher/dispatcher.py", line 309, in _process_update
    response = await self.feed_update(bot, update, **kwargs)
               ^^^^^^^^^^^^^^^^^^^^^^^^^^^^^^^^^^^^^^^^^^^^^
  File "/root/04_AI_rewriter/full_ii_rewriter/venv/lib/python3.12/site-packages/aiogram/dispatcher/dispatcher.py", line 158, in feed_update
    response = await self.update.wrap_outer_middleware(
               ^^^^^^^^^^^^^^^^^^^^^^^^^^^^^^^^^^^^^^^^
  File "/root/04_AI_rewriter/full_ii_rewriter/venv/lib/python3.12/site-packages/aiogram/dispatcher/middlewares/error.py", line 25, in __call__
    return await handler(event, data)
           ^^^^^^^^^^^^^^^^^^^^^^^^^^
  File "/root/04_AI_rewriter/full_ii_rewriter/venv/lib/python3.12/site-packages/aiogram/dispatcher/middlewares/user_context.py", line 27, in __call__
    return await handler(event, data)
           ^^^^^^^^^^^^^^^^^^^^^^^^^^
  File "/root/04_AI_rewriter/full_ii_rewriter/venv/lib/python3.12/site-packages/aiogram/fsm/middleware.py", line 41, in __call__
    return await handler(event, data)
           ^^^^^^^^^^^^^^^^^^^^^^^^^^
  File "/root/04_AI_rewriter/full_ii_rewriter/venv/lib/python3.12/site-packages/aiogram/dispatcher/event/telegram.py", line 121, in trigger
    return await wrapped_inner(event, kwargs)
           ^^^^^^^^^^^^^^^^^^^^^^^^^^^^^^^^^^
  File "/root/04_AI_rewriter/full_ii_rewriter/venv/lib/python3.12/site-packages/aiogram/dispatcher/event/handler.py", line 43, in call
    return await wrapped()
           ^^^^^^^^^^^^^^^
  File "/root/04_AI_rewriter/full_ii_rewriter/venv/lib/python3.12/site-packages/aiogram/dispatcher/dispatcher.py", line 276, in _listen_update
    return await self.propagate_event(update_type=update_type, event=event, **kwargs)
           ^^^^^^^^^^^^^^^^^^^^^^^^^^^^^^^^^^^^^^^^^^^^^^^^^^^^^^^^^^^^^^^^^^^^^^^^^^
  File "/root/04_AI_rewriter/full_ii_rewriter/venv/lib/python3.12/site-packages/aiogram/dispatcher/router.py", line 128, in propagate_event
    return await observer.wrap_outer_middleware(_wrapped, event=event, data=kwargs)
           ^^^^^^^^^^^^^^^^^^^^^^^^^^^^^^^^^^^^^^^^^^^^^^^^^^^^^^^^^^^^^^^^^^^^^^^^
  File "/root/04_AI_rewriter/full_ii_rewriter/venv/lib/python3.12/site-packages/aiogram/dispatcher/router.py", line 123, in _wrapped
    return await self._propagate_event(
           ^^^^^^^^^^^^^^^^^^^^^^^^^^^^
  File "/root/04_AI_rewriter/full_ii_rewriter/venv/lib/python3.12/site-packages/aiogram/dispatcher/router.py", line 156, in _propagate_event
    response = await router.propagate_event(update_type=update_type, event=event, **kwargs)
               ^^^^^^^^^^^^^^^^^^^^^^^^^^^^^^^^^^^^^^^^^^^^^^^^^^^^^^^^^^^^^^^^^^^^^^^^^^^^
  File "/root/04_AI_rewriter/full_ii_rewriter/venv/lib/python3.12/site-packages/aiogram/dispatcher/router.py", line 128, in propagate_event
    return await observer.wrap_outer_middleware(_wrapped, event=event, data=kwargs)
           ^^^^^^^^^^^^^^^^^^^^^^^^^^^^^^^^^^^^^^^^^^^^^^^^^^^^^^^^^^^^^^^^^^^^^^^^
  File "/root/04_AI_rewriter/full_ii_rewriter/venv/lib/python3.12/site-packages/aiogram/dispatcher/router.py", line 123, in _wrapped
    return await self._propagate_event(
           ^^^^^^^^^^^^^^^^^^^^^^^^^^^^
  File "/root/04_AI_rewriter/full_ii_rewriter/venv/lib/python3.12/site-packages/aiogram/dispatcher/router.py", line 148, in _propagate_event
    response = await observer.trigger(event, **kwargs)
               ^^^^^^^^^^^^^^^^^^^^^^^^^^^^^^^^^^^^^^^
  File "/root/04_AI_rewriter/full_ii_rewriter/venv/lib/python3.12/site-packages/aiogram/dispatcher/event/telegram.py", line 121, in trigger
    return await wrapped_inner(event, kwargs)
           ^^^^^^^^^^^^^^^^^^^^^^^^^^^^^^^^^^
  File "/root/04_AI_rewriter/full_ii_rewriter/venv/lib/python3.12/site-packages/aiogram/dispatcher/event/handler.py", line 43, in call
    return await wrapped()
           ^^^^^^^^^^^^^^^
  File "/root/04_AI_rewriter/full_ii_rewriter/bot/handlers/source_handlers.py", line 206, in my_sources
    sources = db.get_user_sources(message.from_user.id)
              ^^^^^^^^^^^^^^^^^^^^^^^^^^^^^^^^^^^^^^^^^
  File "/root/04_AI_rewriter/full_ii_rewriter/database/DatabaseManager.py", line 2208, in get_user_sources
    return sources
           ^^^^^^^
NameError: name 'sources' is not defined
2025-06-20 08:28:48,262 - aiogram.event - INFO - Update id=766373865 is handled. Duration 47 ms by bot id=8094964715
2025-06-20 08:28:52,748 - aiogram.event - INFO - Update id=766373866 is handled. Duration 135 ms by bot id=8094964715
2025-06-20 08:28:54,847 - aiogram.event - INFO - Update id=766373867 is handled. Duration 43 ms by bot id=8094964715
2025-06-20 08:28:55,643 - aiogram.event - INFO - Update id=766373868 is handled. Duration 65 ms by bot id=8094964715
2025-06-20 08:28:58,296 - aiogram.event - INFO - Update id=766373869 is handled. Duration 56 ms by bot id=8094964715
2025-06-20 08:29:01,507 - aiogram.event - INFO - Update id=766373870 is handled. Duration 87 ms by bot id=8094964715
2025-06-20 08:29:04,469 - aiogram.event - INFO - Update id=766373871 is handled. Duration 39 ms by bot id=8094964715
2025-06-20 08:29:06,186 - aiogram.event - INFO - Update id=766373872 is handled. Duration 35 ms by bot id=8094964715
2025-06-20 08:29:07,026 - aiogram.event - INFO - Update id=766373873 is handled. Duration 74 ms by bot id=8094964715
2025-06-20 08:29:17,148 - autopost_manager - INFO - 📊 Найдено 0 активных групп для автопостинга
2025-06-20 08:29:17,148 - autopost_manager - INFO - 💤 Нет активных групп, ожидание...
2025-06-20 08:30:17,172 - autopost_manager - INFO - 📊 Найдено 0 активных групп для автопостинга
2025-06-20 08:30:17,172 - autopost_manager - INFO - 💤 Нет активных групп, ожидание...
2025-06-20 08:30:53,969 - aiogram.event - INFO - Update id=766373874 is handled. Duration 69 ms by bot id=8094964715
2025-06-20 08:30:58,265 - aiogram.event - INFO - Update id=766373875 is handled. Duration 41 ms by bot id=8094964715
2025-06-20 08:31:02,017 - aiogram.event - INFO - Update id=766373876 is handled. Duration 151 ms by bot id=8094964715
2025-06-20 08:31:02,968 - aiogram.event - INFO - Update id=766373877 is handled. Duration 100 ms by bot id=8094964715
2025-06-20 08:31:17,195 - autopost_manager - INFO - 📊 Найдено 0 активных групп для автопостинга
2025-06-20 08:31:17,195 - autopost_manager - INFO - 💤 Нет активных групп, ожидание...
2025-06-20 08:31:53,488 - aiogram.event - INFO - Update id=766373878 is handled. Duration 51 ms by bot id=8094964715
2025-06-20 08:31:54,137 - aiogram.event - INFO - Update id=766373879 is handled. Duration 30 ms by bot id=8094964715
2025-06-20 08:31:56,295 - aiogram.event - INFO - Update id=766373880 is handled. Duration 68 ms by bot id=8094964715
2025-06-20 08:31:58,276 - aiogram.event - INFO - Update id=766373881 is handled. Duration 100 ms by bot id=8094964715
2025-06-20 08:32:00,326 - aiogram.event - INFO - Update id=766373882 is handled. Duration 49 ms by bot id=8094964715
2025-06-20 08:32:04,222 - aiogram.event - INFO - Update id=766373883 is not handled. Duration 28 ms by bot id=8094964715
2025-06-20 08:32:17,228 - autopost_manager - INFO - 📊 Найдено 0 активных групп для автопостинга
2025-06-20 08:32:17,228 - autopost_manager - INFO - 💤 Нет активных групп, ожидание...
2025-06-20 08:32:23,605 - aiogram.event - INFO - Update id=766373884 is handled. Duration 379 ms by bot id=8094964715
2025-06-20 08:32:25,410 - aiogram.event - INFO - Update id=766373885 is handled. Duration 316 ms by bot id=8094964715
2025-06-20 08:32:27,164 - aiogram.event - INFO - Update id=766373886 is handled. Duration 30 ms by bot id=8094964715
2025-06-20 08:32:28,103 - aiogram.event - INFO - Update id=766373887 is handled. Duration 29 ms by bot id=8094964715
2025-06-20 08:32:28,875 - aiogram.event - INFO - Update id=766373888 is handled. Duration 28 ms by bot id=8094964715
2025-06-20 08:32:29,427 - aiogram.event - INFO - Update id=766373889 is handled. Duration 29 ms by bot id=8094964715
2025-06-20 08:32:29,604 - aiogram.event - INFO - Update id=766373890 is handled. Duration 69 ms by bot id=8094964715
2025-06-20 08:32:30,607 - aiogram.event - INFO - Update id=766373891 is handled. Duration 61 ms by bot id=8094964715
2025-06-20 08:32:31,104 - database.DatabaseManager - INFO - Получены заблокированные темы для https://t.me/test_2_2_2_2o: 
2025-06-20 08:32:31,237 - aiogram.event - INFO - Update id=766373892 is handled. Duration 256 ms by bot id=8094964715
2025-06-20 08:32:32,158 - database.DatabaseManager - INFO - Получены заблокированные темы для https://t.me/saratov_test: Реклама, гороскопы
2025-06-20 08:32:32,193 - aiogram.event - INFO - Update id=766373893 is handled. Duration 142 ms by bot id=8094964715
2025-06-20 08:33:09,534 - aiogram.event - INFO - Update id=766373894 is handled. Duration 83 ms by bot id=8094964715
2025-06-20 08:33:10,889 - database.DatabaseManager - INFO - Получены заблокированные темы для https://t.me/test_2_2_2_2o: 
2025-06-20 08:33:10,921 - aiogram.event - INFO - Update id=766373895 is handled. Duration 146 ms by bot id=8094964715
2025-06-20 08:33:16,318 - aiogram.event - INFO - Update id=766373896 is handled. Duration 114 ms by bot id=8094964715
2025-06-20 08:33:17,113 - aiogram.event - INFO - Update id=766373897 is handled. Duration 115 ms by bot id=8094964715
2025-06-20 08:33:17,251 - autopost_manager - INFO - 📊 Найдено 0 активных групп для автопостинга
2025-06-20 08:33:17,251 - autopost_manager - INFO - 💤 Нет активных групп, ожидание...
2025-06-20 08:34:17,273 - autopost_manager - INFO - 📊 Найдено 0 активных групп для автопостинга
2025-06-20 08:34:17,273 - autopost_manager - INFO - 💤 Нет активных групп, ожидание...
2025-06-20 08:35:17,298 - autopost_manager - INFO - 📊 Найдено 0 активных групп для автопостинга
2025-06-20 08:35:17,298 - autopost_manager - INFO - 💤 Нет активных групп, ожидание...
2025-06-20 08:36:17,318 - autopost_manager - INFO - 📊 Найдено 0 активных групп для автопостинга
2025-06-20 08:36:17,319 - autopost_manager - INFO - 💤 Нет активных групп, ожидание...
2025-06-20 08:37:17,337 - autopost_manager - INFO - 📊 Найдено 0 активных групп для автопостинга
2025-06-20 08:37:17,339 - autopost_manager - INFO - 💤 Нет активных групп, ожидание...
2025-06-20 08:38:01,032 - aiogram.event - INFO - Update id=766373898 is handled. Duration 61 ms by bot id=8094964715
2025-06-20 08:38:02,112 - aiogram.event - INFO - Update id=766373899 is handled. Duration 56 ms by bot id=8094964715
2025-06-20 08:38:04,252 - database.DatabaseManager - INFO - Получены заблокированные темы для https://t.me/test_2_2_2_2o: 
2025-06-20 08:38:04,299 - aiogram.event - INFO - Update id=766373900 is handled. Duration 178 ms by bot id=8094964715
2025-06-20 08:38:17,364 - autopost_manager - INFO - 📊 Найдено 0 активных групп для автопостинга
2025-06-20 08:38:17,364 - autopost_manager - INFO - 💤 Нет активных групп, ожидание...
2025-06-20 08:39:17,392 - autopost_manager - INFO - 📊 Найдено 0 активных групп для автопостинга
2025-06-20 08:39:17,392 - autopost_manager - INFO - 💤 Нет активных групп, ожидание...
2025-06-20 08:40:17,413 - autopost_manager - INFO - 📊 Найдено 0 активных групп для автопостинга
2025-06-20 08:40:17,414 - autopost_manager - INFO - 💤 Нет активных групп, ожидание...
2025-06-20 08:41:17,441 - autopost_manager - INFO - 📊 Найдено 0 активных групп для автопостинга
2025-06-20 08:41:17,441 - autopost_manager - INFO - 💤 Нет активных групп, ожидание...
2025-06-20 08:42:17,460 - autopost_manager - INFO - 📊 Найдено 0 активных групп для автопостинга
2025-06-20 08:42:17,463 - autopost_manager - INFO - 💤 Нет активных групп, ожидание...
2025-06-20 08:43:17,491 - autopost_manager - INFO - 📊 Найдено 0 активных групп для автопостинга
2025-06-20 08:43:17,491 - autopost_manager - INFO - 💤 Нет активных групп, ожидание...
2025-06-20 08:44:17,514 - autopost_manager - INFO - 📊 Найдено 0 активных групп для автопостинга
2025-06-20 08:44:17,514 - autopost_manager - INFO - 💤 Нет активных групп, ожидание...
2025-06-20 08:45:17,535 - autopost_manager - INFO - 📊 Найдено 0 активных групп для автопостинга
2025-06-20 08:45:17,535 - autopost_manager - INFO - 💤 Нет активных групп, ожидание...
2025-06-20 08:46:17,562 - autopost_manager - INFO - 📊 Найдено 0 активных групп для автопостинга
2025-06-20 08:46:17,566 - autopost_manager - INFO - 💤 Нет активных групп, ожидание...
2025-06-20 08:47:17,594 - autopost_manager - INFO - 📊 Найдено 0 активных групп для автопостинга
2025-06-20 08:47:17,594 - autopost_manager - INFO - 💤 Нет активных групп, ожидание...
2025-06-20 08:48:17,619 - autopost_manager - INFO - 📊 Найдено 0 активных групп для автопостинга
2025-06-20 08:48:17,619 - autopost_manager - INFO - 💤 Нет активных групп, ожидание...
2025-06-20 08:49:17,638 - autopost_manager - INFO - 📊 Найдено 0 активных групп для автопостинга
2025-06-20 08:49:17,638 - autopost_manager - INFO - 💤 Нет активных групп, ожидание...
2025-06-20 08:50:17,658 - autopost_manager - INFO - 📊 Найдено 0 активных групп для автопостинга
2025-06-20 08:50:17,658 - autopost_manager - INFO - 💤 Нет активных групп, ожидание...
2025-06-20 08:51:17,682 - autopost_manager - INFO - 📊 Найдено 0 активных групп для автопостинга
2025-06-20 08:51:17,686 - autopost_manager - INFO - 💤 Нет активных групп, ожидание...
2025-06-20 08:52:17,705 - autopost_manager - INFO - 📊 Найдено 0 активных групп для автопостинга
2025-06-20 08:52:17,705 - autopost_manager - INFO - 💤 Нет активных групп, ожидание...
2025-06-20 08:53:17,725 - autopost_manager - INFO - 📊 Найдено 0 активных групп для автопостинга
2025-06-20 08:53:17,725 - autopost_manager - INFO - 💤 Нет активных групп, ожидание...
2025-06-20 08:54:17,754 - autopost_manager - INFO - 📊 Найдено 0 активных групп для автопостинга
2025-06-20 08:54:17,754 - autopost_manager - INFO - 💤 Нет активных групп, ожидание...
2025-06-20 08:55:17,778 - autopost_manager - INFO - 📊 Найдено 0 активных групп для автопостинга
2025-06-20 08:55:17,778 - autopost_manager - INFO - 💤 Нет активных групп, ожидание...
2025-06-20 08:56:17,802 - autopost_manager - INFO - 📊 Найдено 0 активных групп для автопостинга
2025-06-20 08:56:17,802 - autopost_manager - INFO - 💤 Нет активных групп, ожидание...
2025-06-20 08:57:17,825 - autopost_manager - INFO - 📊 Найдено 0 активных групп для автопостинга
2025-06-20 08:57:17,826 - autopost_manager - INFO - 💤 Нет активных групп, ожидание...
2025-06-20 08:58:17,852 - autopost_manager - INFO - 📊 Найдено 0 активных групп для автопостинга
2025-06-20 08:58:17,852 - autopost_manager - INFO - 💤 Нет активных групп, ожидание...
2025-06-20 08:59:17,872 - autopost_manager - INFO - 📊 Найдено 0 активных групп для автопостинга
2025-06-20 08:59:17,872 - autopost_manager - INFO - 💤 Нет активных групп, ожидание...
2025-06-20 09:00:17,897 - autopost_manager - INFO - 📊 Найдено 0 активных групп для автопостинга
2025-06-20 09:00:17,897 - autopost_manager - INFO - 💤 Нет активных групп, ожидание...
2025-06-20 09:01:17,917 - autopost_manager - INFO - 📊 Найдено 0 активных групп для автопостинга
2025-06-20 09:01:17,921 - autopost_manager - INFO - 💤 Нет активных групп, ожидание...
2025-06-20 09:02:17,954 - autopost_manager - INFO - 📊 Найдено 0 активных групп для автопостинга
2025-06-20 09:02:17,954 - autopost_manager - INFO - 💤 Нет активных групп, ожидание...
2025-06-20 09:03:17,986 - autopost_manager - INFO - 📊 Найдено 0 активных групп для автопостинга
2025-06-20 09:03:17,988 - autopost_manager - INFO - 💤 Нет активных групп, ожидание...
2025-06-20 09:04:18,013 - autopost_manager - INFO - 📊 Найдено 0 активных групп для автопостинга
2025-06-20 09:04:18,013 - autopost_manager - INFO - 💤 Нет активных групп, ожидание...
2025-06-20 09:05:18,040 - autopost_manager - INFO - 📊 Найдено 0 активных групп для автопостинга
2025-06-20 09:05:18,040 - autopost_manager - INFO - 💤 Нет активных групп, ожидание...
2025-06-20 09:06:18,066 - autopost_manager - INFO - 📊 Найдено 0 активных групп для автопостинга
2025-06-20 09:06:18,066 - autopost_manager - INFO - 💤 Нет активных групп, ожидание...
2025-06-20 09:07:18,089 - autopost_manager - INFO - 📊 Найдено 0 активных групп для автопостинга
2025-06-20 09:07:18,089 - autopost_manager - INFO - 💤 Нет активных групп, ожидание...
2025-06-20 09:08:18,112 - autopost_manager - INFO - 📊 Найдено 0 активных групп для автопостинга
2025-06-20 09:08:18,112 - autopost_manager - INFO - 💤 Нет активных групп, ожидание...
2025-06-20 09:09:18,131 - autopost_manager - INFO - 📊 Найдено 0 активных групп для автопостинга
2025-06-20 09:09:18,132 - autopost_manager - INFO - 💤 Нет активных групп, ожидание...
2025-06-20 09:10:18,166 - autopost_manager - INFO - 📊 Найдено 0 активных групп для автопостинга
2025-06-20 09:10:18,167 - autopost_manager - INFO - 💤 Нет активных групп, ожидание...
2025-06-20 09:11:18,187 - autopost_manager - INFO - 📊 Найдено 0 активных групп для автопостинга
2025-06-20 09:11:18,187 - autopost_manager - INFO - 💤 Нет активных групп, ожидание...
2025-06-20 09:12:18,211 - autopost_manager - INFO - 📊 Найдено 0 активных групп для автопостинга
2025-06-20 09:12:18,211 - autopost_manager - INFO - 💤 Нет активных групп, ожидание...
2025-06-20 09:13:18,237 - autopost_manager - INFO - 📊 Найдено 0 активных групп для автопостинга
2025-06-20 09:13:18,238 - autopost_manager - INFO - 💤 Нет активных групп, ожидание...
2025-06-20 09:14:18,264 - autopost_manager - INFO - 📊 Найдено 0 активных групп для автопостинга
2025-06-20 09:14:18,264 - autopost_manager - INFO - 💤 Нет активных групп, ожидание...
2025-06-20 09:15:18,284 - autopost_manager - INFO - 📊 Найдено 0 активных групп для автопостинга
2025-06-20 09:15:18,290 - autopost_manager - INFO - 💤 Нет активных групп, ожидание...
2025-06-20 09:16:18,315 - autopost_manager - INFO - 📊 Найдено 0 активных групп для автопостинга
2025-06-20 09:16:18,315 - autopost_manager - INFO - 💤 Нет активных групп, ожидание...
2025-06-20 09:17:18,330 - autopost_manager - INFO - 📊 Найдено 0 активных групп для автопостинга
2025-06-20 09:17:18,333 - autopost_manager - INFO - 💤 Нет активных групп, ожидание...
2025-06-20 09:18:18,356 - autopost_manager - INFO - 📊 Найдено 0 активных групп для автопостинга
2025-06-20 09:18:18,356 - autopost_manager - INFO - 💤 Нет активных групп, ожидание...
2025-06-20 09:19:18,382 - autopost_manager - INFO - 📊 Найдено 0 активных групп для автопостинга
2025-06-20 09:19:18,383 - autopost_manager - INFO - 💤 Нет активных групп, ожидание...
2025-06-20 09:20:18,409 - autopost_manager - INFO - 📊 Найдено 0 активных групп для автопостинга
2025-06-20 09:20:18,409 - autopost_manager - INFO - 💤 Нет активных групп, ожидание...
2025-06-20 09:21:18,430 - autopost_manager - INFO - 📊 Найдено 0 активных групп для автопостинга
2025-06-20 09:21:18,430 - autopost_manager - INFO - 💤 Нет активных групп, ожидание...
2025-06-20 09:22:18,458 - autopost_manager - INFO - 📊 Найдено 0 активных групп для автопостинга
2025-06-20 09:22:18,458 - autopost_manager - INFO - 💤 Нет активных групп, ожидание...
